[0.891s] DEBUG:colcon:Command line arguments: ['/usr/bin/colcon', 'build']
[0.891s] DEBUG:colcon:Parsed command line arguments: Namespace(allow_overriding=[], ament_cmake_args=None, base_paths=['.'], build_base='build', catkin_cmake_args=None, catkin_skip_building_tests=False, cmake_args=None, cmake_clean_cache=False, cmake_clean_first=False, cmake_force_configure=False, cmake_target=None, cmake_target_skip_unavailable=False, continue_on_error=False, event_handlers=None, executor='parallel', ignore_user_meta=False, install_base='install', log_base=None, log_level=None, main=<bound method BuildVerb.main of <colcon_core.verb.build.BuildVerb object at 0x7f76a0538bb0>>, merge_install=False, metas=['./colcon.meta'], packages_above=None, packages_above_and_dependencies=None, packages_above_depth=None, packages_end=None, packages_ignore=None, packages_ignore_regex=None, packages_select=None, packages_select_build_failed=False, packages_select_by_dep=None, packages_select_regex=None, packages_select_test_failures=False, packages_skip=None, packages_skip_build_finished=False, packages_skip_by_dep=None, packages_skip_regex=None, packages_skip_test_passed=False, packages_skip_up_to=None, packages_start=None, packages_up_to=None, packages_up_to_regex=None, parallel_workers=1, paths=None, symlink_install=False, test_result_base=None, verb_extension=<colcon_core.verb.build.BuildVerb object at 0x7f76a0538bb0>, verb_name='build', verb_parser=<colcon_defaults.argument_parser.defaults.DefaultArgumentsDecorator object at 0x7f76a0543160>)
[1.017s] Level 1:colcon.colcon_core.package_discovery:discover_packages(colcon_meta) check parameters
[1.018s] Level 1:colcon.colcon_core.package_discovery:discover_packages(recursive) check parameters
[1.018s] Level 1:colcon.colcon_core.package_discovery:discover_packages(ignore) check parameters
[1.018s] Level 1:colcon.colcon_core.package_discovery:discover_packages(path) check parameters
[1.018s] Level 1:colcon.colcon_core.package_discovery:discover_packages(colcon_meta) discover
[1.018s] Level 1:colcon.colcon_core.package_discovery:discover_packages(recursive) discover
[1.018s] INFO:colcon.colcon_core.package_discovery:Crawling recursively for packages in '/home/yangjunseok/turtlebot3_teleop'
[1.018s] Level 1:colcon.colcon_core.package_identification:_identify(.) by extensions ['ignore', 'ignore_ament_install']
[1.018s] Level 1:colcon.colcon_core.package_identification:_identify(.) by extension 'ignore'
[1.019s] Level 1:colcon.colcon_core.package_identification:_identify(.) by extension 'ignore_ament_install'
[1.019s] Level 1:colcon.colcon_core.package_identification:_identify(.) by extensions ['colcon_pkg']
[1.019s] Level 1:colcon.colcon_core.package_identification:_identify(.) by extension 'colcon_pkg'
[1.019s] Level 1:colcon.colcon_core.package_identification:_identify(.) by extensions ['colcon_meta']
[1.019s] Level 1:colcon.colcon_core.package_identification:_identify(.) by extension 'colcon_meta'
[1.019s] Level 1:colcon.colcon_core.package_identification:_identify(.) by extensions ['ros']
[1.019s] Level 1:colcon.colcon_core.package_identification:_identify(.) by extension 'ros'
[1.074s] DEBUG:colcon.colcon_core.package_identification:Package '.' with type 'ros.ament_python' and name 'turtlebot3_teleop'
[1.074s] Level 1:colcon.colcon_core.package_discovery:discover_packages(recursive) using defaults
[1.074s] Level 1:colcon.colcon_core.package_discovery:discover_packages(ignore) discover
[1.074s] Level 1:colcon.colcon_core.package_discovery:discover_packages(ignore) using defaults
[1.074s] Level 1:colcon.colcon_core.package_discovery:discover_packages(path) discover
[1.074s] Level 1:colcon.colcon_core.package_discovery:discover_packages(path) using defaults
[1.138s] Level 1:colcon.colcon_core.package_discovery:discover_packages(prefix_path) check parameters
[1.138s] Level 1:colcon.colcon_core.package_discovery:discover_packages(prefix_path) discover
[1.144s] Level 1:colcon.colcon_core.package_discovery:discover_packages(prefix_path) using defaults
[1.149s] Level 5:colcon.colcon_core.verb:set package 'turtlebot3_teleop' build argument 'cmake_args' from command line to 'None'
[1.149s] Level 5:colcon.colcon_core.verb:set package 'turtlebot3_teleop' build argument 'cmake_target' from command line to 'None'
[1.150s] Level 5:colcon.colcon_core.verb:set package 'turtlebot3_teleop' build argument 'cmake_target_skip_unavailable' from command line to 'False'
[1.150s] Level 5:colcon.colcon_core.verb:set package 'turtlebot3_teleop' build argument 'cmake_clean_cache' from command line to 'False'
[1.150s] Level 5:colcon.colcon_core.verb:set package 'turtlebot3_teleop' build argument 'cmake_clean_first' from command line to 'False'
[1.150s] Level 5:colcon.colcon_core.verb:set package 'turtlebot3_teleop' build argument 'cmake_force_configure' from command line to 'False'
[1.150s] Level 5:colcon.colcon_core.verb:set package 'turtlebot3_teleop' build argument 'ament_cmake_args' from command line to 'None'
[1.150s] Level 5:colcon.colcon_core.verb:set package 'turtlebot3_teleop' build argument 'catkin_cmake_args' from command line to 'None'
[1.150s] Level 5:colcon.colcon_core.verb:set package 'turtlebot3_teleop' build argument 'catkin_skip_building_tests' from command line to 'False'
[1.150s] DEBUG:colcon.colcon_core.verb:Building package 'turtlebot3_teleop' with the following arguments: {'ament_cmake_args': None, 'build_base': '/home/yangjunseok/turtlebot3_teleop/build/turtlebot3_teleop', 'catkin_cmake_args': None, 'catkin_skip_building_tests': False, 'cmake_args': None, 'cmake_clean_cache': False, 'cmake_clean_first': False, 'cmake_force_configure': False, 'cmake_target': None, 'cmake_target_skip_unavailable': False, 'install_base': '/home/yangjunseok/turtlebot3_teleop/install/turtlebot3_teleop', 'merge_install': False, 'path': '/home/yangjunseok/turtlebot3_teleop', 'symlink_install': False, 'test_result_base': None}
[1.151s] INFO:colcon.colcon_core.executor:Executing jobs using 'parallel' executor
[1.161s] DEBUG:colcon.colcon_parallel_executor.executor.parallel:run_until_complete
[1.161s] INFO:colcon.colcon_ros.task.ament_python.build:Building ROS package in '/home/yangjunseok/turtlebot3_teleop' with build type 'ament_python'
[1.161s] Level 1:colcon.colcon_core.shell:create_environment_hook('turtlebot3_teleop', 'ament_prefix_path')
[1.183s] INFO:colcon.colcon_core.plugin_system:Skipping extension 'colcon_core.shell.bat': Not used on non-Windows systems
[1.184s] INFO:colcon.colcon_core.shell:Creating environment hook '/home/yangjunseok/turtlebot3_teleop/install/turtlebot3_teleop/share/turtlebot3_teleop/hook/ament_prefix_path.ps1'
[1.189s] INFO:colcon.colcon_core.shell:Creating environment descriptor '/home/yangjunseok/turtlebot3_teleop/install/turtlebot3_teleop/share/turtlebot3_teleop/hook/ament_prefix_path.dsv'
[1.191s] INFO:colcon.colcon_core.shell:Creating environment hook '/home/yangjunseok/turtlebot3_teleop/install/turtlebot3_teleop/share/turtlebot3_teleop/hook/ament_prefix_path.sh'
[1.195s] INFO:colcon.colcon_core.shell:Skip shell extension 'powershell' for command environment: Not usable outside of PowerShell
[1.195s] DEBUG:colcon.colcon_core.shell:Skip shell extension 'dsv' for command environment
[1.711s] WARNING:colcon.colcon_ros.task.ament_python.build:Package 'turtlebot3_teleop' doesn't explicitly install a marker in the package index (colcon-ros currently does it implicitly but that fallback will be removed in the future)
[1.714s] INFO:colcon.colcon_core.task.python.build:Building Python package in '/home/yangjunseok/turtlebot3_teleop'
[1.724s] INFO:colcon.colcon_core.shell:Skip shell extension 'powershell' for command environment: Not usable outside of PowerShell
[1.725s] DEBUG:colcon.colcon_core.shell:Skip shell extension 'dsv' for command environment
[2.758s] DEBUG:colcon.colcon_core.event_handler.log_command:Invoking command in '/home/yangjunseok/turtlebot3_teleop': PYTHONPATH=/home/yangjunseok/turtlebot3_teleop/build/turtlebot3_teleop/prefix_override:/home/yangjunseok/turtlebot3_teleop/install/turtlebot3_teleop/lib/python3.8/site-packages: /usr/bin/python3 setup.py egg_info --egg-base build/turtlebot3_teleop build --build-base /home/yangjunseok/turtlebot3_teleop/build/turtlebot3_teleop/build install --record /home/yangjunseok/turtlebot3_teleop/build/turtlebot3_teleop/install.log --install-scripts $base/lib/turtlebot3_teleop --single-version-externally-managed
[3.423s] DEBUG:colcon.colcon_core.event_handler.log_command:Invoked command in '/home/yangjunseok/turtlebot3_teleop' returned '0': PYTHONPATH=/home/yangjunseok/turtlebot3_teleop/build/turtlebot3_teleop/prefix_override:/home/yangjunseok/turtlebot3_teleop/install/turtlebot3_teleop/lib/python3.8/site-packages: /usr/bin/python3 setup.py egg_info --egg-base build/turtlebot3_teleop build --build-base /home/yangjunseok/turtlebot3_teleop/build/turtlebot3_teleop/build install --record /home/yangjunseok/turtlebot3_teleop/build/turtlebot3_teleop/install.log --install-scripts $base/lib/turtlebot3_teleop --single-version-externally-managed
[3.453s] Level 1:colcon.colcon_core.environment:checking '/home/yangjunseok/turtlebot3_teleop/install/turtlebot3_teleop' for CMake module files
[3.456s] Level 1:colcon.colcon_core.environment:checking '/home/yangjunseok/turtlebot3_teleop/install/turtlebot3_teleop' for CMake config files
[3.459s] Level 1:colcon.colcon_core.shell:create_environment_hook('turtlebot3_teleop', 'cmake_prefix_path')
[3.462s] INFO:colcon.colcon_core.shell:Creating environment hook '/home/yangjunseok/turtlebot3_teleop/install/turtlebot3_teleop/share/turtlebot3_teleop/hook/cmake_prefix_path.ps1'
[3.463s] INFO:colcon.colcon_core.shell:Creating environment descriptor '/home/yangjunseok/turtlebot3_teleop/install/turtlebot3_teleop/share/turtlebot3_teleop/hook/cmake_prefix_path.dsv'
[3.464s] INFO:colcon.colcon_core.shell:Creating environment hook '/home/yangjunseok/turtlebot3_teleop/install/turtlebot3_teleop/share/turtlebot3_teleop/hook/cmake_prefix_path.sh'
[3.465s] Level 1:colcon.colcon_core.environment:checking '/home/yangjunseok/turtlebot3_teleop/install/turtlebot3_teleop/lib'
[3.466s] Level 1:colcon.colcon_core.environment:checking '/home/yangjunseok/turtlebot3_teleop/install/turtlebot3_teleop/bin'
[3.466s] Level 1:colcon.colcon_core.environment:checking '/home/yangjunseok/turtlebot3_teleop/install/turtlebot3_teleop/lib/pkgconfig/turtlebot3_teleop.pc'
[3.466s] Level 1:colcon.colcon_core.environment:checking '/home/yangjunseok/turtlebot3_teleop/install/turtlebot3_teleop/lib/python3.8/site-packages'
[3.467s] Level 1:colcon.colcon_core.shell:create_environment_hook('turtlebot3_teleop', 'pythonpath')
[3.470s] INFO:colcon.colcon_core.shell:Creating environment hook '/home/yangjunseok/turtlebot3_teleop/install/turtlebot3_teleop/share/turtlebot3_teleop/hook/pythonpath.ps1'
[3.471s] INFO:colcon.colcon_core.shell:Creating environment descriptor '/home/yangjunseok/turtlebot3_teleop/install/turtlebot3_teleop/share/turtlebot3_teleop/hook/pythonpath.dsv'
[3.472s] INFO:colcon.colcon_core.shell:Creating environment hook '/home/yangjunseok/turtlebot3_teleop/install/turtlebot3_teleop/share/turtlebot3_teleop/hook/pythonpath.sh'
[3.474s] Level 1:colcon.colcon_core.environment:checking '/home/yangjunseok/turtlebot3_teleop/install/turtlebot3_teleop/bin'
[3.474s] Level 1:colcon.colcon_core.environment:create_environment_scripts_only(turtlebot3_teleop)
[3.477s] INFO:colcon.colcon_core.shell:Creating package script '/home/yangjunseok/turtlebot3_teleop/install/turtlebot3_teleop/share/turtlebot3_teleop/package.ps1'
[3.480s] INFO:colcon.colcon_core.shell:Creating package descriptor '/home/yangjunseok/turtlebot3_teleop/install/turtlebot3_teleop/share/turtlebot3_teleop/package.dsv'
[3.482s] INFO:colcon.colcon_core.shell:Creating package script '/home/yangjunseok/turtlebot3_teleop/install/turtlebot3_teleop/share/turtlebot3_teleop/package.sh'
[3.484s] INFO:colcon.colcon_core.shell:Creating package script '/home/yangjunseok/turtlebot3_teleop/install/turtlebot3_teleop/share/turtlebot3_teleop/package.bash'
[3.487s] INFO:colcon.colcon_core.shell:Creating package script '/home/yangjunseok/turtlebot3_teleop/install/turtlebot3_teleop/share/turtlebot3_teleop/package.zsh'
[3.490s] Level 1:colcon.colcon_core.environment:create_file_with_runtime_dependencies(/home/yangjunseok/turtlebot3_teleop/install/turtlebot3_teleop/share/colcon-core/packages/turtlebot3_teleop)
[3.493s] DEBUG:colcon.colcon_parallel_executor.executor.parallel:closing loop
[3.494s] DEBUG:colcon.colcon_parallel_executor.executor.parallel:loop closed
[3.494s] DEBUG:colcon.colcon_parallel_executor.executor.parallel:run_until_complete finished with '0'
[3.494s] DEBUG:colcon.colcon_core.event_reactor:joining thread
[3.529s] INFO:colcon.colcon_core.plugin_system:Skipping extension 'colcon_notification.desktop_notification.terminal_notifier': Not used on non-Darwin systems
[3.529s] INFO:colcon.colcon_core.plugin_system:Skipping extension 'colcon_notification.desktop_notification.win32': Not used on non-Windows systems
[3.529s] INFO:colcon.colcon_notification.desktop_notification:Sending desktop notification using 'notify2'
[3.567s] DEBUG:colcon.colcon_core.event_reactor:joined thread
[3.571s] INFO:colcon.colcon_core.shell:Creating prefix script '/home/yangjunseok/turtlebot3_teleop/install/local_setup.ps1'
[3.579s] INFO:colcon.colcon_core.shell:Creating prefix util module '/home/yangjunseok/turtlebot3_teleop/install/_local_setup_util_ps1.py'
[3.583s] INFO:colcon.colcon_core.shell:Creating prefix chain script '/home/yangjunseok/turtlebot3_teleop/install/setup.ps1'
[3.594s] INFO:colcon.colcon_core.shell:Creating prefix script '/home/yangjunseok/turtlebot3_teleop/install/local_setup.sh'
[3.595s] INFO:colcon.colcon_core.shell:Creating prefix util module '/home/yangjunseok/turtlebot3_teleop/install/_local_setup_util_sh.py'
[3.601s] INFO:colcon.colcon_core.shell:Creating prefix chain script '/home/yangjunseok/turtlebot3_teleop/install/setup.sh'
[3.604s] INFO:colcon.colcon_core.shell:Creating prefix script '/home/yangjunseok/turtlebot3_teleop/install/local_setup.bash'
[3.609s] INFO:colcon.colcon_core.shell:Creating prefix chain script '/home/yangjunseok/turtlebot3_teleop/install/setup.bash'
[3.616s] INFO:colcon.colcon_core.shell:Creating prefix script '/home/yangjunseok/turtlebot3_teleop/install/local_setup.zsh'
[3.620s] INFO:colcon.colcon_core.shell:Creating prefix chain script '/home/yangjunseok/turtlebot3_teleop/install/setup.zsh'
