[0.066s] Invoking command in '/home/yangjunseok/turtlebot3_teleop/build/turtlebot3_teleop': /usr/bin/cmake --build /home/yangjunseok/turtlebot3_teleop/build/turtlebot3_teleop -- -j1 -l1
[0.131s] -- Found ament_cmake: 0.9.12 (/opt/ros/foxy/share/ament_cmake/cmake)
[0.178s] -- Using PYTHON_EXECUTABLE: /usr/bin/python3
[0.656s] -- Found rclpy: 1.0.13 (/opt/ros/foxy/share/rclpy/cmake)
[0.657s] -- Found geometry_msgs: 2.0.5 (/opt/ros/foxy/share/geometry_msgs/cmake)
[0.707s] -- Using all available rosidl_typesupport_c: rosidl_typesupport_fastrtps_c;rosidl_typesupport_introspection_c
[0.715s] -- Found rosidl_adapter: 1.3.1 (/opt/ros/foxy/share/rosidl_adapter/cmake)
[0.985s] -- Using all available rosidl_typesupport_cpp: rosidl_typesupport_fastrtps_cpp;rosidl_typesupport_introspection_cpp
[1.359s] -- Configuring done
[1.361s] CMake Error at CMakeLists.txt:22 (add_executable):
[1.361s]   Cannot find source file:
[1.362s] 
[1.362s]     turtlebot3_teleop/turtlebot3_teleop.py
[1.362s] 
[1.362s]   Tried extensions .c .C .c++ .cc .cpp .cxx .cu .m .M .mm .h .hh .h++ .hm
[1.362s]   .hpp .hxx .in .txx
[1.363s] 
[1.363s] 
[1.364s] CMake Error at CMakeLists.txt:22 (add_executable):
[1.365s]   No SOURCES given to target: turtlebot3_teleop
[1.365s] 
[1.365s] 
[1.365s] CMake Generate step failed.  Build files cannot be regenerated correctly.
[1.374s] make: *** [Makefile:222: cmake_check_build_system] 오류 1
[1.381s] Invoked command in '/home/yangjunseok/turtlebot3_teleop/build/turtlebot3_teleop' returned '2': /usr/bin/cmake --build /home/yangjunseok/turtlebot3_teleop/build/turtlebot3_teleop -- -j1 -l1
