[0.057s] Invoking command in '/home/yangjunseok/turtlebot3_teleop/build/turtlebot3_teleop': /usr/bin/cmake --build /home/yangjunseok/turtlebot3_teleop/build/turtlebot3_teleop -- -j1 -l1
[0.123s] -- Found ament_cmake: 0.9.12 (/opt/ros/foxy/share/ament_cmake/cmake)
[0.170s] -- Using PYTHON_EXECUTABLE: /usr/bin/python3
[0.637s] -- Found rclpy: 1.0.13 (/opt/ros/foxy/share/rclpy/cmake)
[0.638s] -- Found geometry_msgs: 2.0.5 (/opt/ros/foxy/share/geometry_msgs/cmake)
[0.686s] -- Using all available rosidl_typesupport_c: rosidl_typesupport_fastrtps_c;rosidl_typesupport_introspection_c
[0.695s] -- Found rosidl_adapter: 1.3.1 (/opt/ros/foxy/share/rosidl_adapter/cmake)
[0.968s] -- Using all available rosidl_typesupport_cpp: rosidl_typesupport_fastrtps_cpp;rosidl_typesupport_introspection_cpp
[1.335s] -- Configuring done
[1.337s] CMake Error at CMakeLists.txt:32 (add_executable):
[1.337s]   Cannot find source file:
[1.337s] 
[1.338s]     src/turtlebot3_teleop_key.py
[1.338s] 
[1.338s]   Tried extensions .c .C .c++ .cc .cpp .cxx .cu .m .M .mm .h .hh .h++ .hm
[1.338s]   .hpp .hxx .in .txx
[1.338s] 
[1.339s] 
[1.340s] CMake Error at CMakeLists.txt:32 (add_executable):
[1.340s]   No SOURCES given to target: turtlebot3_teleop_key
[1.341s] 
[1.341s] 
[1.341s] CMake Generate step failed.  Build files cannot be regenerated correctly.
[1.350s] make: *** [Makefile:222: cmake_check_build_system] 오류 1
[1.357s] Invoked command in '/home/yangjunseok/turtlebot3_teleop/build/turtlebot3_teleop' returned '2': /usr/bin/cmake --build /home/yangjunseok/turtlebot3_teleop/build/turtlebot3_teleop -- -j1 -l1
