[0.060s] Invoking command in '/home/yangjunseok/turtlebot3_teleop/build/turtlebot3_teleop': /usr/bin/cmake /home/yangjunseok/turtlebot3_teleop -DCATKIN_INSTALL_INTO_PREFIX_ROOT=0 -DCMAKE_INSTALL_PREFIX=/home/yangjunseok/turtlebot3_teleop/install/turtlebot3_teleop
[0.461s] -- The C compiler identification is GNU 9.4.0
[0.735s] -- The CXX compiler identification is GNU 9.4.0
[0.757s] -- Check for working C compiler: /usr/bin/cc
[0.894s] -- Check for working C compiler: /usr/bin/cc -- works
[0.898s] -- Detecting C compiler ABI info
[1.022s] -- Detecting C compiler ABI info - done
[1.057s] -- Detecting C compile features
[1.059s] -- Detecting C compile features - done
[1.066s] -- Check for working CXX compiler: /usr/bin/c++
[1.214s] -- Check for working CXX compiler: /usr/bin/c++ -- works
[1.216s] -- Detecting CXX compiler ABI info
[1.363s] -- Detecting CXX compiler ABI info - done
[1.394s] -- Detecting CXX compile features
[1.396s] -- Detecting CXX compile features - done
[1.427s] -- Found ament_cmake: 0.9.12 (/opt/ros/foxy/share/ament_cmake/cmake)
[1.497s] -- Found PythonInterp: /usr/bin/python3 (found suitable version "3.8.10", minimum required is "3") 
[1.498s] -- Using PYTHON_EXECUTABLE: /usr/bin/python3
[2.108s] -- Found rclpy: 1.0.13 (/opt/ros/foxy/share/rclpy/cmake)
[2.118s] -- Found geometry_msgs: 2.0.5 (/opt/ros/foxy/share/geometry_msgs/cmake)
[2.261s] -- Using all available rosidl_typesupport_c: rosidl_typesupport_fastrtps_c;rosidl_typesupport_introspection_c
[2.286s] -- Found rosidl_adapter: 1.3.1 (/opt/ros/foxy/share/rosidl_adapter/cmake)
[2.510s] -- Found OpenSSL: /usr/lib/x86_64-linux-gnu/libcrypto.so (found version "1.1.1f")  
[2.579s] -- Found FastRTPS: /opt/ros/foxy/include  
[2.792s] -- Using all available rosidl_typesupport_cpp: rosidl_typesupport_fastrtps_cpp;rosidl_typesupport_introspection_cpp
[3.265s] -- Configuring done
[3.270s] -- Generating done
[3.272s] CMake Warning:
[3.273s]   Manually-specified variables were not used by the project:
[3.273s] 
[3.273s]     CATKIN_INSTALL_INTO_PREFIX_ROOT
[3.273s] 
[3.274s] 
[3.275s] -- Build files have been written to: /home/yangjunseok/turtlebot3_teleop/build/turtlebot3_teleop
[3.293s] Invoked command in '/home/yangjunseok/turtlebot3_teleop/build/turtlebot3_teleop' returned '0': /usr/bin/cmake /home/yangjunseok/turtlebot3_teleop -DCATKIN_INSTALL_INTO_PREFIX_ROOT=0 -DCMAKE_INSTALL_PREFIX=/home/yangjunseok/turtlebot3_teleop/install/turtlebot3_teleop
[3.294s] Invoking command in '/home/yangjunseok/turtlebot3_teleop/build/turtlebot3_teleop': /usr/bin/cmake --build /home/yangjunseok/turtlebot3_teleop/build/turtlebot3_teleop -- -j1 -l1
[3.368s] Invoked command in '/home/yangjunseok/turtlebot3_teleop/build/turtlebot3_teleop' returned '0': /usr/bin/cmake --build /home/yangjunseok/turtlebot3_teleop/build/turtlebot3_teleop -- -j1 -l1
[3.466s] Invoking command in '/home/yangjunseok/turtlebot3_teleop/build/turtlebot3_teleop': /usr/bin/cmake --install /home/yangjunseok/turtlebot3_teleop/build/turtlebot3_teleop
[3.486s] -- Install configuration: ""
[3.486s] -- Installing: /home/yangjunseok/turtlebot3_teleop/install/turtlebot3_teleop/share/turtlebot3_teleop/environment/pythonpath.sh
[3.487s] -- Installing: /home/yangjunseok/turtlebot3_teleop/install/turtlebot3_teleop/share/turtlebot3_teleop/environment/pythonpath.dsv
[3.488s] -- Installing: /home/yangjunseok/turtlebot3_teleop/install/turtlebot3_teleop/lib/python3.8/site-packages/turtlebot3_teleop
[3.496s] -- Installing: /home/yangjunseok/turtlebot3_teleop/install/turtlebot3_teleop/lib/python3.8/site-packages/turtlebot3_teleop/Keyoboard_turtlebot3_teleop_key.py
[3.496s] -- Installing: /home/yangjunseok/turtlebot3_teleop/install/turtlebot3_teleop/lib/python3.8/site-packages/turtlebot3_teleop/__init__.py
[3.497s] -- Installing: /home/yangjunseok/turtlebot3_teleop/install/turtlebot3_teleop/lib/python3.8/site-packages/turtlebot3_teleop/turtlebot3_teleop_key.py
[3.571s] Listing '/home/yangjunseok/turtlebot3_teleop/install/turtlebot3_teleop/lib/python3.8/site-packages/turtlebot3_teleop'...
[3.571s] Compiling '/home/yangjunseok/turtlebot3_teleop/install/turtlebot3_teleop/lib/python3.8/site-packages/turtlebot3_teleop/Keyoboard_turtlebot3_teleop_key.py'...
[3.575s] Compiling '/home/yangjunseok/turtlebot3_teleop/install/turtlebot3_teleop/lib/python3.8/site-packages/turtlebot3_teleop/__init__.py'...
[3.575s] Compiling '/home/yangjunseok/turtlebot3_teleop/install/turtlebot3_teleop/lib/python3.8/site-packages/turtlebot3_teleop/turtlebot3_teleop_key.py'...
[3.584s] CMake Error at cmake_install.cmake:61 (file):
[3.590s]   file INSTALL cannot find "/home/yangjunseok/turtlebot3_teleop/launch": No
[3.590s]   such file or directory.
[3.591s] 
[3.591s] 
[3.591s] Invoked command in '/home/yangjunseok/turtlebot3_teleop/build/turtlebot3_teleop' returned '1': /usr/bin/cmake --install /home/yangjunseok/turtlebot3_teleop/build/turtlebot3_teleop
