running egg_info
writing build/turtlebot3_teleop/turtlebot3_teleop.egg-info/PKG-INFO
writing dependency_links to build/turtlebot3_teleop/turtlebot3_teleop.egg-info/dependency_links.txt
writing entry points to build/turtlebot3_teleop/turtlebot3_teleop.egg-info/entry_points.txt
writing requirements to build/turtlebot3_teleop/turtlebot3_teleop.egg-info/requires.txt
writing top-level names to build/turtlebot3_teleop/turtlebot3_teleop.egg-info/top_level.txt
reading manifest file 'build/turtlebot3_teleop/turtlebot3_teleop.egg-info/SOURCES.txt'
writing manifest file 'build/turtlebot3_teleop/turtlebot3_teleop.egg-info/SOURCES.txt'
running build
running build_py
copying turtlebot3_teleop/turtlebot3_teleop_key.py -> /home/yangjunseok/turtlebot3_teleop/build/turtlebot3_teleop/build/lib/turtlebot3_teleop
running install
running install_lib
copying /home/yangjunseok/turtlebot3_teleop/build/turtlebot3_teleop/build/lib/turtlebot3_teleop/turtlebot3_teleop_key.py -> /home/yangjunseok/turtlebot3_teleop/install/turtlebot3_teleop/lib/python3.8/site-packages/turtlebot3_teleop
byte-compiling /home/yangjunseok/turtlebot3_teleop/install/turtlebot3_teleop/lib/python3.8/site-packages/turtlebot3_teleop/turtlebot3_teleop_key.py to turtlebot3_teleop_key.cpython-38.pyc
running install_data
running install_egg_info
removing '/home/yangjunseok/turtlebot3_teleop/install/turtlebot3_teleop/lib/python3.8/site-packages/turtlebot3_teleop-1.0.0-py3.8.egg-info' (and everything under it)
Copying build/turtlebot3_teleop/turtlebot3_teleop.egg-info to /home/yangjunseok/turtlebot3_teleop/install/turtlebot3_teleop/lib/python3.8/site-packages/turtlebot3_teleop-1.0.0-py3.8.egg-info
running install_scripts
Installing turtlebot3_teleop_key script to /home/yangjunseok/turtlebot3_teleop/install/turtlebot3_teleop/lib/turtlebot3_teleop
writing list of installed files to '/home/yangjunseok/turtlebot3_teleop/build/turtlebot3_teleop/install.log'
