[0.053s] Invoking command in '/home/yangjunseok/turtlebot3_teleop/build/turtlebot3_teleop': /usr/bin/cmake --build /home/yangjunseok/turtlebot3_teleop/build/turtlebot3_teleop -- -j1 -l1
[0.133s] -- Found ament_cmake: 0.9.12 (/opt/ros/foxy/share/ament_cmake/cmake)
[0.209s] -- Using PYTHON_EXECUTABLE: /usr/bin/python3
[0.664s] -- Found rclpy: 1.0.13 (/opt/ros/foxy/share/rclpy/cmake)
[0.665s] -- Found geometry_msgs: 2.0.5 (/opt/ros/foxy/share/geometry_msgs/cmake)
[0.728s] -- Using all available rosidl_typesupport_c: rosidl_typesupport_fastrtps_c;rosidl_typesupport_introspection_c
[0.740s] -- Found rosidl_adapter: 1.3.1 (/opt/ros/foxy/share/rosidl_adapter/cmake)
[1.002s] -- Using all available rosidl_typesupport_cpp: rosidl_typesupport_fastrtps_cpp;rosidl_typesupport_introspection_cpp
[1.363s] -- Configuring done
[1.365s] CMake Error at CMakeLists.txt:22 (add_executable):
[1.365s]   Cannot find source file:
[1.365s] 
[1.366s]     turtlebot3_teleop/turtlebot3_teleop.py
[1.366s] 
[1.366s]   Tried extensions .c .C .c++ .cc .cpp .cxx .cu .m .M .mm .h .hh .h++ .hm
[1.366s]   .hpp .hxx .in .txx
[1.366s] 
[1.367s] 
[1.368s] CMake Error at CMakeLists.txt:22 (add_executable):
[1.368s]   No SOURCES given to target: turtlebot3_teleop
[1.369s] 
[1.369s] 
[1.369s] CMake Generate step failed.  Build files cannot be regenerated correctly.
[1.378s] make: *** [Makefile:222: cmake_check_build_system] 오류 1
[1.385s] Invoked command in '/home/yangjunseok/turtlebot3_teleop/build/turtlebot3_teleop' returned '2': /usr/bin/cmake --build /home/yangjunseok/turtlebot3_teleop/build/turtlebot3_teleop -- -j1 -l1
