[1.947s] DEBUG:colcon:Command line arguments: ['/usr/bin/colcon', 'build']
[1.947s] DEBUG:colcon:Parsed command line arguments: Namespace(allow_overriding=[], ament_cmake_args=None, base_paths=['.'], build_base='build', catkin_cmake_args=None, catkin_skip_building_tests=False, cmake_args=None, cmake_clean_cache=False, cmake_clean_first=False, cmake_force_configure=False, cmake_target=None, cmake_target_skip_unavailable=False, continue_on_error=False, event_handlers=None, executor='parallel', ignore_user_meta=False, install_base='install', log_base=None, log_level=None, main=<bound method BuildVerb.main of <colcon_core.verb.build.BuildVerb object at 0x7f2687b022e0>>, merge_install=False, metas=['./colcon.meta'], packages_above=None, packages_above_and_dependencies=None, packages_above_depth=None, packages_end=None, packages_ignore=None, packages_ignore_regex=None, packages_select=None, packages_select_build_failed=False, packages_select_by_dep=None, packages_select_regex=None, packages_select_test_failures=False, packages_skip=None, packages_skip_build_finished=False, packages_skip_by_dep=None, packages_skip_regex=None, packages_skip_test_passed=False, packages_skip_up_to=None, packages_start=None, packages_up_to=None, packages_up_to_regex=None, parallel_workers=1, paths=None, symlink_install=False, test_result_base=None, verb_extension=<colcon_core.verb.build.BuildVerb object at 0x7f2687b022e0>, verb_name='build', verb_parser=<colcon_defaults.argument_parser.defaults.DefaultArgumentsDecorator object at 0x7f2687b02820>)
[2.115s] Level 1:colcon.colcon_core.package_discovery:discover_packages(colcon_meta) check parameters
[2.115s] Level 1:colcon.colcon_core.package_discovery:discover_packages(recursive) check parameters
[2.115s] Level 1:colcon.colcon_core.package_discovery:discover_packages(ignore) check parameters
[2.115s] Level 1:colcon.colcon_core.package_discovery:discover_packages(path) check parameters
[2.115s] Level 1:colcon.colcon_core.package_discovery:discover_packages(colcon_meta) discover
[2.115s] Level 1:colcon.colcon_core.package_discovery:discover_packages(recursive) discover
[2.116s] INFO:colcon.colcon_core.package_discovery:Crawling recursively for packages in '/home/yangjunseok/turtlebot3_teleop'
[2.116s] Level 1:colcon.colcon_core.package_identification:_identify(.) by extensions ['ignore', 'ignore_ament_install']
[2.116s] Level 1:colcon.colcon_core.package_identification:_identify(.) by extension 'ignore'
[2.116s] Level 1:colcon.colcon_core.package_identification:_identify(.) by extension 'ignore_ament_install'
[2.119s] Level 1:colcon.colcon_core.package_identification:_identify(.) by extensions ['colcon_pkg']
[2.119s] Level 1:colcon.colcon_core.package_identification:_identify(.) by extension 'colcon_pkg'
[2.119s] Level 1:colcon.colcon_core.package_identification:_identify(.) by extensions ['colcon_meta']
[2.119s] Level 1:colcon.colcon_core.package_identification:_identify(.) by extension 'colcon_meta'
[2.119s] Level 1:colcon.colcon_core.package_identification:_identify(.) by extensions ['ros']
[2.119s] Level 1:colcon.colcon_core.package_identification:_identify(.) by extension 'ros'
[2.230s] DEBUG:colcon.colcon_core.package_identification:Package '.' with type 'ros.ament_python' and name 'turtlebot3_teleop'
[2.230s] Level 1:colcon.colcon_core.package_discovery:discover_packages(recursive) using defaults
[2.230s] Level 1:colcon.colcon_core.package_discovery:discover_packages(ignore) discover
[2.230s] Level 1:colcon.colcon_core.package_discovery:discover_packages(ignore) using defaults
[2.231s] Level 1:colcon.colcon_core.package_discovery:discover_packages(path) discover
[2.231s] Level 1:colcon.colcon_core.package_discovery:discover_packages(path) using defaults
[2.345s] Level 1:colcon.colcon_core.package_discovery:discover_packages(prefix_path) check parameters
[2.345s] Level 1:colcon.colcon_core.package_discovery:discover_packages(prefix_path) discover
[2.369s] DEBUG:colcon.colcon_installed_package_information.package_discovery:Found 13 installed packages in /home/yangjunseok/gcamp_ros2_ws/install
[2.378s] DEBUG:colcon.colcon_installed_package_information.package_discovery:Found 380 installed packages in /opt/ros/foxy
[2.394s] Level 1:colcon.colcon_core.package_discovery:discover_packages(prefix_path) using defaults
[2.903s] WARNING:colcon.colcon_core.package_selection:Some selected packages are already built in one or more underlay workspaces:
	'turtlebot3_teleop' is in: /opt/ros/foxy
If a package in a merged underlay workspace is overridden and it installs headers, then all packages in the overlay must sort their include directories by workspace order. Failure to do so may result in build failures or undefined behavior at run time.
If the overridden package is used by another package in any underlay, then the overriding package in the overlay must be API and ABI compatible or undefined behavior at run time may occur.

If you understand the risks and want to override a package anyways, add the following to the command line:
	--allow-overriding turtlebot3_teleop

This may be promoted to an error in a future release of colcon-override-check.
[2.912s] Level 5:colcon.colcon_core.verb:set package 'turtlebot3_teleop' build argument 'cmake_args' from command line to 'None'
[2.912s] Level 5:colcon.colcon_core.verb:set package 'turtlebot3_teleop' build argument 'cmake_target' from command line to 'None'
[2.912s] Level 5:colcon.colcon_core.verb:set package 'turtlebot3_teleop' build argument 'cmake_target_skip_unavailable' from command line to 'False'
[2.912s] Level 5:colcon.colcon_core.verb:set package 'turtlebot3_teleop' build argument 'cmake_clean_cache' from command line to 'False'
[2.913s] Level 5:colcon.colcon_core.verb:set package 'turtlebot3_teleop' build argument 'cmake_clean_first' from command line to 'False'
[2.913s] Level 5:colcon.colcon_core.verb:set package 'turtlebot3_teleop' build argument 'cmake_force_configure' from command line to 'False'
[2.913s] Level 5:colcon.colcon_core.verb:set package 'turtlebot3_teleop' build argument 'ament_cmake_args' from command line to 'None'
[2.913s] Level 5:colcon.colcon_core.verb:set package 'turtlebot3_teleop' build argument 'catkin_cmake_args' from command line to 'None'
[2.913s] Level 5:colcon.colcon_core.verb:set package 'turtlebot3_teleop' build argument 'catkin_skip_building_tests' from command line to 'False'
[2.913s] DEBUG:colcon.colcon_core.verb:Building package 'turtlebot3_teleop' with the following arguments: {'ament_cmake_args': None, 'build_base': '/home/yangjunseok/turtlebot3_teleop/build/turtlebot3_teleop', 'catkin_cmake_args': None, 'catkin_skip_building_tests': False, 'cmake_args': None, 'cmake_clean_cache': False, 'cmake_clean_first': False, 'cmake_force_configure': False, 'cmake_target': None, 'cmake_target_skip_unavailable': False, 'install_base': '/home/yangjunseok/turtlebot3_teleop/install/turtlebot3_teleop', 'merge_install': False, 'path': '/home/yangjunseok/turtlebot3_teleop', 'symlink_install': False, 'test_result_base': None}
[2.928s] INFO:colcon.colcon_core.executor:Executing jobs using 'parallel' executor
[2.978s] DEBUG:colcon.colcon_parallel_executor.executor.parallel:run_until_complete
[2.979s] INFO:colcon.colcon_ros.task.ament_python.build:Building ROS package in '/home/yangjunseok/turtlebot3_teleop' with build type 'ament_python'
[2.979s] Level 1:colcon.colcon_core.shell:create_environment_hook('turtlebot3_teleop', 'ament_prefix_path')
[3.034s] INFO:colcon.colcon_core.plugin_system:Skipping extension 'colcon_core.shell.bat': Not used on non-Windows systems
[3.034s] INFO:colcon.colcon_core.shell:Creating environment hook '/home/yangjunseok/turtlebot3_teleop/install/turtlebot3_teleop/share/turtlebot3_teleop/hook/ament_prefix_path.ps1'
[3.038s] INFO:colcon.colcon_core.shell:Creating environment descriptor '/home/yangjunseok/turtlebot3_teleop/install/turtlebot3_teleop/share/turtlebot3_teleop/hook/ament_prefix_path.dsv'
[3.040s] INFO:colcon.colcon_core.shell:Creating environment hook '/home/yangjunseok/turtlebot3_teleop/install/turtlebot3_teleop/share/turtlebot3_teleop/hook/ament_prefix_path.sh'
[3.050s] INFO:colcon.colcon_core.shell:Skip shell extension 'powershell' for command environment: Not usable outside of PowerShell
[3.050s] DEBUG:colcon.colcon_core.shell:Skip shell extension 'dsv' for command environment
[4.479s] WARNING:colcon.colcon_ros.task.ament_python.build:Package 'turtlebot3_teleop' doesn't explicitly install a marker in the package index (colcon-ros currently does it implicitly but that fallback will be removed in the future)
[4.482s] INFO:colcon.colcon_core.task.python.build:Building Python package in '/home/yangjunseok/turtlebot3_teleop'
[4.499s] INFO:colcon.colcon_core.shell:Skip shell extension 'powershell' for command environment: Not usable outside of PowerShell
[4.499s] DEBUG:colcon.colcon_core.shell:Skip shell extension 'dsv' for command environment
[6.954s] DEBUG:colcon.colcon_core.event_handler.log_command:Invoking command in '/home/yangjunseok/turtlebot3_teleop': PYTHONPATH=/home/yangjunseok/turtlebot3_teleop/build/turtlebot3_teleop/prefix_override:/home/yangjunseok/turtlebot3_teleop/install/turtlebot3_teleop/lib/python3.8/site-packages:${PYTHONPATH} /usr/bin/python3 setup.py egg_info --egg-base build/turtlebot3_teleop build --build-base /home/yangjunseok/turtlebot3_teleop/build/turtlebot3_teleop/build install --record /home/yangjunseok/turtlebot3_teleop/build/turtlebot3_teleop/install.log --install-scripts $base/lib/turtlebot3_teleop --single-version-externally-managed
[8.831s] DEBUG:colcon.colcon_core.event_handler.log_command:Invoked command in '/home/yangjunseok/turtlebot3_teleop' returned '0': PYTHONPATH=/home/yangjunseok/turtlebot3_teleop/build/turtlebot3_teleop/prefix_override:/home/yangjunseok/turtlebot3_teleop/install/turtlebot3_teleop/lib/python3.8/site-packages:${PYTHONPATH} /usr/bin/python3 setup.py egg_info --egg-base build/turtlebot3_teleop build --build-base /home/yangjunseok/turtlebot3_teleop/build/turtlebot3_teleop/build install --record /home/yangjunseok/turtlebot3_teleop/build/turtlebot3_teleop/install.log --install-scripts $base/lib/turtlebot3_teleop --single-version-externally-managed
[8.872s] Level 1:colcon.colcon_core.environment:checking '/home/yangjunseok/turtlebot3_teleop/install/turtlebot3_teleop' for CMake module files
[8.877s] Level 1:colcon.colcon_core.environment:checking '/home/yangjunseok/turtlebot3_teleop/install/turtlebot3_teleop' for CMake config files
[8.885s] Level 1:colcon.colcon_core.shell:create_environment_hook('turtlebot3_teleop', 'cmake_prefix_path')
[8.898s] INFO:colcon.colcon_core.shell:Creating environment hook '/home/yangjunseok/turtlebot3_teleop/install/turtlebot3_teleop/share/turtlebot3_teleop/hook/cmake_prefix_path.ps1'
[8.899s] INFO:colcon.colcon_core.shell:Creating environment descriptor '/home/yangjunseok/turtlebot3_teleop/install/turtlebot3_teleop/share/turtlebot3_teleop/hook/cmake_prefix_path.dsv'
[8.902s] INFO:colcon.colcon_core.shell:Creating environment hook '/home/yangjunseok/turtlebot3_teleop/install/turtlebot3_teleop/share/turtlebot3_teleop/hook/cmake_prefix_path.sh'
[8.903s] Level 1:colcon.colcon_core.environment:checking '/home/yangjunseok/turtlebot3_teleop/install/turtlebot3_teleop/lib'
[8.904s] Level 1:colcon.colcon_core.environment:checking '/home/yangjunseok/turtlebot3_teleop/install/turtlebot3_teleop/bin'
[8.904s] Level 1:colcon.colcon_core.environment:checking '/home/yangjunseok/turtlebot3_teleop/install/turtlebot3_teleop/lib/pkgconfig/turtlebot3_teleop.pc'
[8.908s] Level 1:colcon.colcon_core.environment:checking '/home/yangjunseok/turtlebot3_teleop/install/turtlebot3_teleop/lib/python3.8/site-packages'
[8.908s] Level 1:colcon.colcon_core.shell:create_environment_hook('turtlebot3_teleop', 'pythonpath')
[8.914s] INFO:colcon.colcon_core.shell:Creating environment hook '/home/yangjunseok/turtlebot3_teleop/install/turtlebot3_teleop/share/turtlebot3_teleop/hook/pythonpath.ps1'
[8.923s] INFO:colcon.colcon_core.shell:Creating environment descriptor '/home/yangjunseok/turtlebot3_teleop/install/turtlebot3_teleop/share/turtlebot3_teleop/hook/pythonpath.dsv'
[8.925s] INFO:colcon.colcon_core.shell:Creating environment hook '/home/yangjunseok/turtlebot3_teleop/install/turtlebot3_teleop/share/turtlebot3_teleop/hook/pythonpath.sh'
[8.926s] Level 1:colcon.colcon_core.environment:checking '/home/yangjunseok/turtlebot3_teleop/install/turtlebot3_teleop/bin'
[8.926s] Level 1:colcon.colcon_core.environment:create_environment_scripts_only(turtlebot3_teleop)
[8.932s] INFO:colcon.colcon_core.shell:Creating package script '/home/yangjunseok/turtlebot3_teleop/install/turtlebot3_teleop/share/turtlebot3_teleop/package.ps1'
[8.938s] INFO:colcon.colcon_core.shell:Creating package descriptor '/home/yangjunseok/turtlebot3_teleop/install/turtlebot3_teleop/share/turtlebot3_teleop/package.dsv'
[8.941s] INFO:colcon.colcon_core.shell:Creating package script '/home/yangjunseok/turtlebot3_teleop/install/turtlebot3_teleop/share/turtlebot3_teleop/package.sh'
[8.946s] INFO:colcon.colcon_core.shell:Creating package script '/home/yangjunseok/turtlebot3_teleop/install/turtlebot3_teleop/share/turtlebot3_teleop/package.bash'
[8.952s] INFO:colcon.colcon_core.shell:Creating package script '/home/yangjunseok/turtlebot3_teleop/install/turtlebot3_teleop/share/turtlebot3_teleop/package.zsh'
[8.957s] Level 1:colcon.colcon_core.environment:create_file_with_runtime_dependencies(/home/yangjunseok/turtlebot3_teleop/install/turtlebot3_teleop/share/colcon-core/packages/turtlebot3_teleop)
[8.961s] DEBUG:colcon.colcon_parallel_executor.executor.parallel:closing loop
[8.962s] DEBUG:colcon.colcon_parallel_executor.executor.parallel:loop closed
[8.962s] DEBUG:colcon.colcon_parallel_executor.executor.parallel:run_until_complete finished with '0'
[8.962s] DEBUG:colcon.colcon_core.event_reactor:joining thread
[9.025s] INFO:colcon.colcon_core.plugin_system:Skipping extension 'colcon_notification.desktop_notification.terminal_notifier': Not used on non-Darwin systems
[9.025s] INFO:colcon.colcon_core.plugin_system:Skipping extension 'colcon_notification.desktop_notification.win32': Not used on non-Windows systems
[9.025s] INFO:colcon.colcon_notification.desktop_notification:Sending desktop notification using 'notify2'
[9.213s] DEBUG:colcon.colcon_core.event_reactor:joined thread
[9.221s] INFO:colcon.colcon_core.shell:Creating prefix script '/home/yangjunseok/turtlebot3_teleop/install/local_setup.ps1'
[9.226s] INFO:colcon.colcon_core.shell:Creating prefix util module '/home/yangjunseok/turtlebot3_teleop/install/_local_setup_util_ps1.py'
[9.238s] INFO:colcon.colcon_core.shell:Creating prefix chain script '/home/yangjunseok/turtlebot3_teleop/install/setup.ps1'
[9.256s] INFO:colcon.colcon_core.shell:Creating prefix script '/home/yangjunseok/turtlebot3_teleop/install/local_setup.sh'
[9.264s] INFO:colcon.colcon_core.shell:Creating prefix util module '/home/yangjunseok/turtlebot3_teleop/install/_local_setup_util_sh.py'
[9.265s] INFO:colcon.colcon_core.shell:Creating prefix chain script '/home/yangjunseok/turtlebot3_teleop/install/setup.sh'
[9.286s] INFO:colcon.colcon_core.shell:Creating prefix script '/home/yangjunseok/turtlebot3_teleop/install/local_setup.bash'
[9.294s] INFO:colcon.colcon_core.shell:Creating prefix chain script '/home/yangjunseok/turtlebot3_teleop/install/setup.bash'
[9.313s] INFO:colcon.colcon_core.shell:Creating prefix script '/home/yangjunseok/turtlebot3_teleop/install/local_setup.zsh'
[9.315s] INFO:colcon.colcon_core.shell:Creating prefix chain script '/home/yangjunseok/turtlebot3_teleop/install/setup.zsh'
