[0.068s] Invoking command in '/home/yangjunseok/turtlebot3_teleop/build/turtlebot3_teleop': /usr/bin/cmake --build /home/yangjunseok/turtlebot3_teleop/build/turtlebot3_teleop -- -j1 -l1
[0.132s] -- Found ament_cmake: 0.9.12 (/opt/ros/foxy/share/ament_cmake/cmake)
[0.180s] -- Using PYTHON_EXECUTABLE: /usr/bin/python3
[0.648s] -- Found rclpy: 1.0.13 (/opt/ros/foxy/share/rclpy/cmake)
[0.649s] -- Found geometry_msgs: 2.0.5 (/opt/ros/foxy/share/geometry_msgs/cmake)
[0.702s] -- Using all available rosidl_typesupport_c: rosidl_typesupport_fastrtps_c;rosidl_typesupport_introspection_c
[0.713s] -- Found rosidl_adapter: 1.3.1 (/opt/ros/foxy/share/rosidl_adapter/cmake)
[1.011s] -- Using all available rosidl_typesupport_cpp: rosidl_typesupport_fastrtps_cpp;rosidl_typesupport_introspection_cpp
[1.384s] -- Configuring done
[1.387s] CMake Error at CMakeLists.txt:22 (add_executable):
[1.387s]   Cannot find source file:
[1.387s] 
[1.388s]     turtlebot3_teleop_key.py
[1.388s] 
[1.388s]   Tried extensions .c .C .c++ .cc .cpp .cxx .cu .m .M .mm .h .hh .h++ .hm
[1.388s]   .hpp .hxx .in .txx
[1.389s] 
[1.389s] 
[1.390s] CMake Error at CMakeLists.txt:22 (add_executable):
[1.390s]   No SOURCES given to target: turtlebot3_teleop_key
[1.391s] 
[1.391s] 
[1.391s] CMake Generate step failed.  Build files cannot be regenerated correctly.
[1.400s] make: *** [Makefile:222: cmake_check_build_system] 오류 1
[1.407s] Invoked command in '/home/yangjunseok/turtlebot3_teleop/build/turtlebot3_teleop' returned '2': /usr/bin/cmake --build /home/yangjunseok/turtlebot3_teleop/build/turtlebot3_teleop -- -j1 -l1
