[1.726s] Invoking command in '/home/yangjunseok/turtlebot3_teleop': PYTHONPATH=/home/yangjunseok/turtlebot3_teleop/build/turtlebot3_teleop/prefix_override:/home/yangjunseok/turtlebot3_teleop/install/turtlebot3_teleop/lib/python3.8/site-packages:${PYTHONPATH} /usr/bin/python3 setup.py egg_info --egg-base build/turtlebot3_teleop build --build-base /home/yangjunseok/turtlebot3_teleop/build/turtlebot3_teleop/build install --record /home/yangjunseok/turtlebot3_teleop/build/turtlebot3_teleop/install.log --install-scripts $base/lib/turtlebot3_teleop --single-version-externally-managed
[2.250s] running egg_info
[2.252s] writing build/turtlebot3_teleop/turtlebot3_teleop.egg-info/PKG-INFO
[2.266s] writing dependency_links to build/turtlebot3_teleop/turtlebot3_teleop.egg-info/dependency_links.txt
[2.267s] writing entry points to build/turtlebot3_teleop/turtlebot3_teleop.egg-info/entry_points.txt
[2.268s] writing requirements to build/turtlebot3_teleop/turtlebot3_teleop.egg-info/requires.txt
[2.268s] writing top-level names to build/turtlebot3_teleop/turtlebot3_teleop.egg-info/top_level.txt
[2.372s] reading manifest file 'build/turtlebot3_teleop/turtlebot3_teleop.egg-info/SOURCES.txt'
[2.377s] writing manifest file 'build/turtlebot3_teleop/turtlebot3_teleop.egg-info/SOURCES.txt'
[2.377s] running build
[2.377s] running build_py
[2.381s] copying turtlebot3_teleop/turtlebot3_teleop_key.py -> /home/yangjunseok/turtlebot3_teleop/build/turtlebot3_teleop/build/lib/turtlebot3_teleop
[2.382s] running install
[2.384s] running install_lib
[2.387s] copying /home/yangjunseok/turtlebot3_teleop/build/turtlebot3_teleop/build/lib/turtlebot3_teleop/turtlebot3_teleop_key.py -> /home/yangjunseok/turtlebot3_teleop/install/turtlebot3_teleop/lib/python3.8/site-packages/turtlebot3_teleop
[2.389s] byte-compiling /home/yangjunseok/turtlebot3_teleop/install/turtlebot3_teleop/lib/python3.8/site-packages/turtlebot3_teleop/turtlebot3_teleop_key.py to turtlebot3_teleop_key.cpython-38.pyc
[2.394s] running install_data
[2.396s] copying package.xml -> /home/yangjunseok/turtlebot3_teleop/install/turtlebot3_teleop/share/turtlebot3_teleop
[2.396s] running install_egg_info
[2.399s] removing '/home/yangjunseok/turtlebot3_teleop/install/turtlebot3_teleop/lib/python3.8/site-packages/turtlebot3_teleop-1.0.0-py3.8.egg-info' (and everything under it)
[2.400s] Copying build/turtlebot3_teleop/turtlebot3_teleop.egg-info to /home/yangjunseok/turtlebot3_teleop/install/turtlebot3_teleop/lib/python3.8/site-packages/turtlebot3_teleop-1.0.0-py3.8.egg-info
[2.402s] running install_scripts
[2.439s] Installing turtlebot3_teleop_key script to /home/yangjunseok/turtlebot3_teleop/install/turtlebot3_teleop/lib/turtlebot3_teleop
[2.441s] writing list of installed files to '/home/yangjunseok/turtlebot3_teleop/build/turtlebot3_teleop/install.log'
[2.484s] Invoked command in '/home/yangjunseok/turtlebot3_teleop' returned '0': PYTHONPATH=/home/yangjunseok/turtlebot3_teleop/build/turtlebot3_teleop/prefix_override:/home/yangjunseok/turtlebot3_teleop/install/turtlebot3_teleop/lib/python3.8/site-packages:${PYTHONPATH} /usr/bin/python3 setup.py egg_info --egg-base build/turtlebot3_teleop build --build-base /home/yangjunseok/turtlebot3_teleop/build/turtlebot3_teleop/build install --record /home/yangjunseok/turtlebot3_teleop/build/turtlebot3_teleop/install.log --install-scripts $base/lib/turtlebot3_teleop --single-version-externally-managed
