[0.052s] Invoking command in '/home/yangjunseok/turtlebot3_teleop/build/turtlebot3_teleop': /usr/bin/cmake --build /home/yangjunseok/turtlebot3_teleop/build/turtlebot3_teleop -- -j1 -l1
[0.113s] -- Found ament_cmake: 0.9.12 (/opt/ros/foxy/share/ament_cmake/cmake)
[0.167s] -- Using PYTHON_EXECUTABLE: /usr/bin/python3
[0.642s] -- Found rclpy: 1.0.13 (/opt/ros/foxy/share/rclpy/cmake)
[0.643s] -- Found geometry_msgs: 2.0.5 (/opt/ros/foxy/share/geometry_msgs/cmake)
[0.698s] -- Using all available rosidl_typesupport_c: rosidl_typesupport_fastrtps_c;rosidl_typesupport_introspection_c
[0.706s] -- Found rosidl_adapter: 1.3.1 (/opt/ros/foxy/share/rosidl_adapter/cmake)
[1.006s] -- Using all available rosidl_typesupport_cpp: rosidl_typesupport_fastrtps_cpp;rosidl_typesupport_introspection_cpp
[1.383s] -- Configuring done
[1.385s] CMake Error at CMakeLists.txt:31 (add_executable):
[1.386s]   Cannot find source file:
[1.386s] 
[1.386s]     src/turtlebot3_teleop_key.py
[1.386s] 
[1.386s]   Tried extensions .c .C .c++ .cc .cpp .cxx .cu .m .M .mm .h .hh .h++ .hm
[1.386s]   .hpp .hxx .in .txx
[1.387s] 
[1.387s] 
[1.388s] CMake Error at CMakeLists.txt:31 (add_executable):
[1.388s]   No SOURCES given to target: turtlebot3_teleop_key
[1.389s] 
[1.389s] 
[1.389s] CMake Generate step failed.  Build files cannot be regenerated correctly.
[1.398s] make: *** [Makefile:222: cmake_check_build_system] 오류 1
[1.405s] Invoked command in '/home/yangjunseok/turtlebot3_teleop/build/turtlebot3_teleop' returned '2': /usr/bin/cmake --build /home/yangjunseok/turtlebot3_teleop/build/turtlebot3_teleop -- -j1 -l1
