-- Install configuration: ""
-- Up-to-date: /home/yangjunseok/turtlebot3_teleop/install/turtlebot3_teleop/share/turtlebot3_teleop/environment/pythonpath.sh
-- Up-to-date: /home/yangjunseok/turtlebot3_teleop/install/turtlebot3_teleop/share/turtlebot3_teleop/environment/pythonpath.dsv
-- Up-to-date: /home/yangjunseok/turtlebot3_teleop/install/turtlebot3_teleop/lib/python3.8/site-packages/turtlebot3_teleop
-- Up-to-date: /home/yangjunseok/turtlebot3_teleop/install/turtlebot3_teleop/lib/python3.8/site-packages/turtlebot3_teleop/Keyoboard_turtlebot3_teleop_key.py
-- Up-to-date: /home/yangjunseok/turtlebot3_teleop/install/turtlebot3_teleop/lib/python3.8/site-packages/turtlebot3_teleop/__init__.py
-- Up-to-date: /home/yangjunseok/turtlebot3_teleop/install/turtlebot3_teleop/lib/python3.8/site-packages/turtlebot3_teleop/turtlebot3_teleop_key.py
Listing '/home/yangjunseok/turtlebot3_teleop/install/turtlebot3_teleop/lib/python3.8/site-packages/turtlebot3_teleop'...
-- Installing: /home/yangjunseok/turtlebot3_teleop/install/turtlebot3_teleop/share/turtlebot3_teleop//launch
-- Installing: /home/yangjunseok/turtlebot3_teleop/install/turtlebot3_teleop/share/ament_index/resource_index/package_run_dependencies/turtlebot3_teleop
-- Installing: /home/yangjunseok/turtlebot3_teleop/install/turtlebot3_teleop/share/ament_index/resource_index/parent_prefix_path/turtlebot3_teleop
-- Installing: /home/yangjunseok/turtlebot3_teleop/install/turtlebot3_teleop/share/turtlebot3_teleop/environment/ament_prefix_path.sh
-- Installing: /home/yangjunseok/turtlebot3_teleop/install/turtlebot3_teleop/share/turtlebot3_teleop/environment/ament_prefix_path.dsv
-- Installing: /home/yangjunseok/turtlebot3_teleop/install/turtlebot3_teleop/share/turtlebot3_teleop/environment/path.sh
-- Installing: /home/yangjunseok/turtlebot3_teleop/install/turtlebot3_teleop/share/turtlebot3_teleop/environment/path.dsv
-- Installing: /home/yangjunseok/turtlebot3_teleop/install/turtlebot3_teleop/share/turtlebot3_teleop/local_setup.bash
-- Installing: /home/yangjunseok/turtlebot3_teleop/install/turtlebot3_teleop/share/turtlebot3_teleop/local_setup.sh
-- Installing: /home/yangjunseok/turtlebot3_teleop/install/turtlebot3_teleop/share/turtlebot3_teleop/local_setup.zsh
-- Installing: /home/yangjunseok/turtlebot3_teleop/install/turtlebot3_teleop/share/turtlebot3_teleop/local_setup.dsv
-- Up-to-date: /home/yangjunseok/turtlebot3_teleop/install/turtlebot3_teleop/share/turtlebot3_teleop/package.dsv
-- Installing: /home/yangjunseok/turtlebot3_teleop/install/turtlebot3_teleop/share/ament_index/resource_index/packages/turtlebot3_teleop
-- Installing: /home/yangjunseok/turtlebot3_teleop/install/turtlebot3_teleop/share/turtlebot3_teleop/cmake/turtlebot3_teleopConfig.cmake
-- Installing: /home/yangjunseok/turtlebot3_teleop/install/turtlebot3_teleop/share/turtlebot3_teleop/cmake/turtlebot3_teleopConfig-version.cmake
-- Installing: /home/yangjunseok/turtlebot3_teleop/install/turtlebot3_teleop/share/turtlebot3_teleop/package.xml
