[0.050s] Invoking command in '/home/yangjunseok/turtlebot3_teleop/build/turtlebot3_teleop': /usr/bin/cmake --build /home/yangjunseok/turtlebot3_teleop/build/turtlebot3_teleop -- -j1 -l1
[0.138s] Invoked command in '/home/yangjunseok/turtlebot3_teleop/build/turtlebot3_teleop' returned '0': /usr/bin/cmake --build /home/yangjunseok/turtlebot3_teleop/build/turtlebot3_teleop -- -j1 -l1
[0.237s] Invoking command in '/home/yangjunseok/turtlebot3_teleop/build/turtlebot3_teleop': /usr/bin/cmake --install /home/yangjunseok/turtlebot3_teleop/build/turtlebot3_teleop
[0.256s] -- Install configuration: ""
[0.256s] -- Up-to-date: /home/yangjunseok/turtlebot3_teleop/install/turtlebot3_teleop/share/turtlebot3_teleop/environment/pythonpath.sh
[0.257s] -- Up-to-date: /home/yangjunseok/turtlebot3_teleop/install/turtlebot3_teleop/share/turtlebot3_teleop/environment/pythonpath.dsv
[0.257s] -- Up-to-date: /home/yangjunseok/turtlebot3_teleop/install/turtlebot3_teleop/lib/python3.8/site-packages/turtlebot3_teleop
[0.257s] -- Up-to-date: /home/yangjunseok/turtlebot3_teleop/install/turtlebot3_teleop/lib/python3.8/site-packages/turtlebot3_teleop/Keyoboard_turtlebot3_teleop_key.py
[0.258s] -- Up-to-date: /home/yangjunseok/turtlebot3_teleop/install/turtlebot3_teleop/lib/python3.8/site-packages/turtlebot3_teleop/__init__.py
[0.258s] -- Up-to-date: /home/yangjunseok/turtlebot3_teleop/install/turtlebot3_teleop/lib/python3.8/site-packages/turtlebot3_teleop/turtlebot3_teleop_key.py
[0.325s] Listing '/home/yangjunseok/turtlebot3_teleop/install/turtlebot3_teleop/lib/python3.8/site-packages/turtlebot3_teleop'...
[0.333s] -- Installing: /home/yangjunseok/turtlebot3_teleop/install/turtlebot3_teleop/share/turtlebot3_teleop//launch
[0.333s] -- Installing: /home/yangjunseok/turtlebot3_teleop/install/turtlebot3_teleop/share/ament_index/resource_index/package_run_dependencies/turtlebot3_teleop
[0.334s] -- Installing: /home/yangjunseok/turtlebot3_teleop/install/turtlebot3_teleop/share/ament_index/resource_index/parent_prefix_path/turtlebot3_teleop
[0.335s] -- Installing: /home/yangjunseok/turtlebot3_teleop/install/turtlebot3_teleop/share/turtlebot3_teleop/environment/ament_prefix_path.sh
[0.335s] -- Installing: /home/yangjunseok/turtlebot3_teleop/install/turtlebot3_teleop/share/turtlebot3_teleop/environment/ament_prefix_path.dsv
[0.336s] -- Installing: /home/yangjunseok/turtlebot3_teleop/install/turtlebot3_teleop/share/turtlebot3_teleop/environment/path.sh
[0.337s] -- Installing: /home/yangjunseok/turtlebot3_teleop/install/turtlebot3_teleop/share/turtlebot3_teleop/environment/path.dsv
[0.337s] -- Installing: /home/yangjunseok/turtlebot3_teleop/install/turtlebot3_teleop/share/turtlebot3_teleop/local_setup.bash
[0.350s] -- Installing: /home/yangjunseok/turtlebot3_teleop/install/turtlebot3_teleop/share/turtlebot3_teleop/local_setup.sh
[0.350s] -- Installing: /home/yangjunseok/turtlebot3_teleop/install/turtlebot3_teleop/share/turtlebot3_teleop/local_setup.zsh
[0.351s] -- Installing: /home/yangjunseok/turtlebot3_teleop/install/turtlebot3_teleop/share/turtlebot3_teleop/local_setup.dsv
[0.351s] -- Up-to-date: /home/yangjunseok/turtlebot3_teleop/install/turtlebot3_teleop/share/turtlebot3_teleop/package.dsv
[0.352s] -- Installing: /home/yangjunseok/turtlebot3_teleop/install/turtlebot3_teleop/share/ament_index/resource_index/packages/turtlebot3_teleop
[0.353s] -- Installing: /home/yangjunseok/turtlebot3_teleop/install/turtlebot3_teleop/share/turtlebot3_teleop/cmake/turtlebot3_teleopConfig.cmake
[0.353s] -- Installing: /home/yangjunseok/turtlebot3_teleop/install/turtlebot3_teleop/share/turtlebot3_teleop/cmake/turtlebot3_teleopConfig-version.cmake
[0.353s] -- Installing: /home/yangjunseok/turtlebot3_teleop/install/turtlebot3_teleop/share/turtlebot3_teleop/package.xml
[0.361s] Invoked command in '/home/yangjunseok/turtlebot3_teleop/build/turtlebot3_teleop' returned '0': /usr/bin/cmake --install /home/yangjunseok/turtlebot3_teleop/build/turtlebot3_teleop
