running egg_info
writing build/turtlebot3_teleop/turtlebot3_teleop.egg-info/PKG-INFO
writing dependency_links to build/turtlebot3_teleop/turtlebot3_teleop.egg-info/dependency_links.txt
writing entry points to build/turtlebot3_teleop/turtlebot3_teleop.egg-info/entry_points.txt
writing requirements to build/turtlebot3_teleop/turtlebot3_teleop.egg-info/requires.txt
writing top-level names to build/turtlebot3_teleop/turtlebot3_teleop.egg-info/top_level.txt
reading manifest file 'build/turtlebot3_teleop/turtlebot3_teleop.egg-info/SOURCES.txt'
writing manifest file 'build/turtlebot3_teleop/turtlebot3_teleop.egg-info/SOURCES.txt'
running build
running build_py
creating /home/yangjunseok/turtlebot3_teleop/build/turtlebot3_teleop/build
creating /home/yangjunseok/turtlebot3_teleop/build/turtlebot3_teleop/build/lib
creating /home/yangjunseok/turtlebot3_teleop/build/turtlebot3_teleop/build/lib/turtlebot3_teleop
copying turtlebot3_teleop/Keyoboard_turtlebot3_teleop_key.py -> /home/yangjunseok/turtlebot3_teleop/build/turtlebot3_teleop/build/lib/turtlebot3_teleop
copying turtlebot3_teleop/__init__.py -> /home/yangjunseok/turtlebot3_teleop/build/turtlebot3_teleop/build/lib/turtlebot3_teleop
copying turtlebot3_teleop/turtlebot3_teleop_key.py -> /home/yangjunseok/turtlebot3_teleop/build/turtlebot3_teleop/build/lib/turtlebot3_teleop
running install
running install_lib
running install_data
copying package.xml -> /home/yangjunseok/turtlebot3_teleop/install/turtlebot3_teleop/share/turtlebot3_teleop
running install_egg_info
Copying build/turtlebot3_teleop/turtlebot3_teleop.egg-info to /home/yangjunseok/turtlebot3_teleop/install/turtlebot3_teleop/lib/python3.8/site-packages/turtlebot3_teleop-1.0.0-py3.8.egg-info
running install_scripts
Installing turtlebot3_teleop_key script to /home/yangjunseok/turtlebot3_teleop/install/turtlebot3_teleop/lib/turtlebot3_teleop
writing list of installed files to '/home/yangjunseok/turtlebot3_teleop/build/turtlebot3_teleop/install.log'
