[0.050s] Invoking command in '/home/yangjunseok/turtlebot3_teleop/build/turtlebot3_teleop': /usr/bin/cmake --build /home/yangjunseok/turtlebot3_teleop/build/turtlebot3_teleop -- -j1 -l1
[0.110s] -- Found ament_cmake: 0.9.12 (/opt/ros/foxy/share/ament_cmake/cmake)
[0.181s] -- Using PYTHON_EXECUTABLE: /usr/bin/python3
[0.658s] -- Found rclpy: 1.0.13 (/opt/ros/foxy/share/rclpy/cmake)
[0.659s] -- Found geometry_msgs: 2.0.5 (/opt/ros/foxy/share/geometry_msgs/cmake)
[0.708s] -- Using all available rosidl_typesupport_c: rosidl_typesupport_fastrtps_c;rosidl_typesupport_introspection_c
[0.717s] -- Found rosidl_adapter: 1.3.1 (/opt/ros/foxy/share/rosidl_adapter/cmake)
[0.983s] -- Using all available rosidl_typesupport_cpp: rosidl_typesupport_fastrtps_cpp;rosidl_typesupport_introspection_cpp
[1.374s] -- Configuring done
[1.376s] CMake Error at CMakeLists.txt:22 (add_executable):
[1.376s]   Cannot find source file:
[1.377s] 
[1.377s]     turtlebot3_teleop/turtlebot3_teleop.py
[1.377s] 
[1.377s]   Tried extensions .c .C .c++ .cc .cpp .cxx .cu .m .M .mm .h .hh .h++ .hm
[1.377s]   .hpp .hxx .in .txx
[1.378s] 
[1.378s] 
[1.379s] CMake Error at CMakeLists.txt:22 (add_executable):
[1.379s]   No SOURCES given to target: turtlebot3_teleop
[1.380s] 
[1.380s] 
[1.380s] CMake Generate step failed.  Build files cannot be regenerated correctly.
[1.391s] make: *** [Makefile:222: cmake_check_build_system] 오류 1
[1.400s] Invoked command in '/home/yangjunseok/turtlebot3_teleop/build/turtlebot3_teleop' returned '2': /usr/bin/cmake --build /home/yangjunseok/turtlebot3_teleop/build/turtlebot3_teleop -- -j1 -l1
