[0.061s] Invoking command in '/home/yangjunseok/turtlebot3_teleop/build/turtlebot3_teleop': /usr/bin/cmake --build /home/yangjunseok/turtlebot3_teleop/build/turtlebot3_teleop -- -j1 -l1
[0.142s] -- Found ament_cmake: 0.9.12 (/opt/ros/foxy/share/ament_cmake/cmake)
[0.196s] -- Using PYTHON_EXECUTABLE: /usr/bin/python3
[0.732s] -- Found rclpy: 1.0.13 (/opt/ros/foxy/share/rclpy/cmake)
[0.734s] -- Found geometry_msgs: 2.0.5 (/opt/ros/foxy/share/geometry_msgs/cmake)
[0.817s] -- Using all available rosidl_typesupport_c: rosidl_typesupport_fastrtps_c;rosidl_typesupport_introspection_c
[0.833s] -- Found rosidl_adapter: 1.3.1 (/opt/ros/foxy/share/rosidl_adapter/cmake)
[1.136s] -- Using all available rosidl_typesupport_cpp: rosidl_typesupport_fastrtps_cpp;rosidl_typesupport_introspection_cpp
[1.538s] -- Configuring done
[1.541s] CMake Error at CMakeLists.txt:22 (add_executable):
[1.542s]   Cannot find source file:
[1.542s] 
[1.542s]     src/turtlebot3_teleop.py
[1.542s] 
[1.545s]   Tried extensions .c .C .c++ .cc .cpp .cxx .cu .m .M .mm .h .hh .h++ .hm
[1.545s]   .hpp .hxx .in .txx
[1.545s] 
[1.546s] 
[1.549s] CMake Error at CMakeLists.txt:22 (add_executable):
[1.549s]   No SOURCES given to target: turtlebot3_teleop
[1.549s] 
[1.550s] 
[1.550s] CMake Generate step failed.  Build files cannot be regenerated correctly.
[1.561s] make: *** [Makefile:222: cmake_check_build_system] 오류 1
[1.568s] Invoked command in '/home/yangjunseok/turtlebot3_teleop/build/turtlebot3_teleop' returned '2': /usr/bin/cmake --build /home/yangjunseok/turtlebot3_teleop/build/turtlebot3_teleop -- -j1 -l1
