[0.044s] Invoking command in '/home/yangjunseok/turtlebot3_teleop/build/turtlebot3_teleop': /usr/bin/cmake --build /home/yangjunseok/turtlebot3_teleop/build/turtlebot3_teleop -- -j1 -l1
[0.101s] -- Found ament_cmake: 0.9.12 (/opt/ros/foxy/share/ament_cmake/cmake)
[0.168s] -- Using PYTHON_EXECUTABLE: /usr/bin/python3
[0.677s] -- Found rclpy: 1.0.13 (/opt/ros/foxy/share/rclpy/cmake)
[0.678s] -- Found geometry_msgs: 2.0.5 (/opt/ros/foxy/share/geometry_msgs/cmake)
[0.729s] -- Using all available rosidl_typesupport_c: rosidl_typesupport_fastrtps_c;rosidl_typesupport_introspection_c
[0.739s] -- Found rosidl_adapter: 1.3.1 (/opt/ros/foxy/share/rosidl_adapter/cmake)
[1.008s] -- Using all available rosidl_typesupport_cpp: rosidl_typesupport_fastrtps_cpp;rosidl_typesupport_introspection_cpp
[1.257s] CMake Error at /opt/ros/foxy/share/ament_cmake_python/cmake/ament_python_install_package.cmake:46 (message):
[1.258s]   ament_python_install_package() the Python package folder
[1.258s]   '/home/yangjunseok/turtlebot3_teleop/turtlebot3_teleop' doesn't contain an
[1.258s]   '__init__.py' file
[1.259s] Call Stack (most recent call first):
[1.259s]   /opt/ros/foxy/share/ament_cmake_python/cmake/ament_python_install_package.cmake:28 (_ament_cmake_python_install_package)
[1.259s]   CMakeLists.txt:19 (ament_python_install_package)
[1.259s] 
[1.259s] 
[1.262s] -- Configuring incomplete, errors occurred!
[1.263s] See also "/home/yangjunseok/turtlebot3_teleop/build/turtlebot3_teleop/CMakeFiles/CMakeOutput.log".
[1.273s] make: *** [Makefile:222: cmake_check_build_system] 오류 1
[1.282s] Invoked command in '/home/yangjunseok/turtlebot3_teleop/build/turtlebot3_teleop' returned '2': /usr/bin/cmake --build /home/yangjunseok/turtlebot3_teleop/build/turtlebot3_teleop -- -j1 -l1
